<?xml version="1.0" encoding="UTF-8"?>
<testsuite xmlns:xsi="http://www.w3.org/2001/XMLSchema-instance" xsi:noNamespaceSchemaLocation="https://maven.apache.org/surefire/maven-surefire-plugin/xsd/surefire-test-report.xsd" version="3.0.2" name="com.formatcheck.backend.BackendApplicationTests" time="1.514" tests="1" errors="0" skipped="0" failures="0">
  <properties>
[...]
</properties>
  <testcase name="shouldCreateRuleExtractionSessionAndExtractRules" classname="com.formatcheck.backend.BackendApplicationTests" time="0.476">
    <system-out><![CDATA[20:08:47.515 [main] INFO org.springframework.test.context.support.AnnotationConfigContextLoaderUtils -- Could not detect default configuration classes for test class [com.formatcheck.backend.BackendApplicationTests]: BackendApplicationTests does not declare any static, non-private, non-final, nested classes annotated with @Configuration.
20:08:47.582 [main] INFO org.springframework.boot.test.context.SpringBootTestContextBootstrapper -- Found @SpringBootConfiguration com.formatcheck.backend.FormatCheckApplication for test class com.formatcheck.backend.BackendApplicationTests

  .   ____          _            __ _ _
 /\\ / ___'_ __ _ _(_)_ __  __ _ \ \ \ \
( ( )\___ | '_ | '_| | '_ \/ _` | \ \ \ \
 \\/  ___)| |_)| | | | | || (_| |  ) ) ) )
  '  |____| .__|_| |_|_| |_\__, | / / / /
 =========|_|==============|___/=/_/_/_/

 :: Spring Boot ::                (v3.5.0)

2026-04-21T20:08:47.855+08:00  INFO 15324 --- [format-check-backend] [           main] c.f.backend.BackendApplicationTests      : Starting BackendApplicationTests using Java 26 with PID 15324 (started by ning in E:\code\formatCheck\backend)
2026-04-21T20:08:47.855+08:00  INFO 15324 --- [format-check-backend] [           main] c.f.backend.BackendApplicationTests      : No active profile set, falling back to 1 default profile: "default"
2026-04-21T20:08:48.469+08:00  INFO 15324 --- [format-check-backend] [           main] o.s.b.t.m.w.SpringBootMockServletContext : Initializing Spring TestDispatcherServlet ''
2026-04-21T20:08:48.470+08:00  INFO 15324 --- [format-check-backend] [           main] o.s.t.web.servlet.TestDispatcherServlet  : Initializing Servlet ''
2026-04-21T20:08:48.470+08:00  INFO 15324 --- [format-check-backend] [           main] o.s.t.web.servlet.TestDispatcherServlet  : Completed initialization in 0 ms
2026-04-21T20:08:48.482+08:00  INFO 15324 --- [format-check-backend] [           main] c.f.backend.BackendApplicationTests      : Started BackendApplicationTests in 0.828 seconds (process running for 1.354)
]]></system-out>
    <system-err><![CDATA[Mockito is currently self-attaching to enable the inline-mock-maker. This will no longer work in future releases of the JDK. Please add Mockito as an agent to your build as described in Mockito's documentation: https://javadoc.io/doc/org.mockito/mockito-core/latest/org.mockito/org/mockito/Mockito.html#0.3
WARNING: A Java agent has been loaded dynamically (C:\Users\ning\.m2\repository\net\bytebuddy\byte-buddy-agent\1.17.5\byte-buddy-agent-1.17.5.jar)
WARNING: If a serviceability tool is in use, please run with -XX:+EnableDynamicAgentLoading to hide this warning
WARNING: If a serviceability tool is not in use, please run with -Djdk.instrument.traceUsage for more information
WARNING: Dynamic loading of agents will be disallowed by default in a future release
]]></system-err>
  </testcase>
</testsuite>